<?xml version="1.0" encoding="UTF-8"?>
<testng-results ignored="0" total="1" passed="1" failed="0" skipped="0">
  <reporter-output>
  </reporter-output>
  <suite started-at="2024-01-06T20:55:54 IST" name="Default suite" finished-at="2024-01-06T20:55:59 IST" duration-ms="4784">
    <groups>
    </groups>
    <test started-at="2024-01-06T20:55:54 IST" name="Default test" finished-at="2024-01-06T20:55:59 IST" duration-ms="4784">
      <class name="validator.JSONSchemaValidator">
        <test-method signature="doGet()[pri:0, instance:validator.JSONSchemaValidator@316bcf94]" started-at="2024-01-06T20:55:54 IST" name="doGet" finished-at="2024-01-06T20:55:59 IST" duration-ms="4666" status="PASS">
          <reporter-output>
          </reporter-output>
        </test-method> <!-- doGet -->
      </class> <!-- validator.JSONSchemaValidator -->
    </test> <!-- Default test -->
  </suite> <!-- Default suite -->
</testng-results>
